This file contains any messages produced by compilers while
running configure, to aid debugging if configure makes a mistake.

It was created by Iperf configure 2.0.5, which was
generated by GNU Autoconf 2.69.  Invocation command line was

  $ ./configure --no-create --no-recursion

## --------- ##
## Platform. ##
## --------- ##

hostname = Quadstation-Linux
uname -m = x86_64
uname -r = 3.8.0-23-generic
uname -s = Linux
uname -v = #34-Ubuntu SMP Wed May 29 20:22:58 UTC 2013

/usr/bin/uname -p = unknown
/bin/uname -X     = unknown

/bin/arch              = unknown
/usr/bin/arch -k       = unknown
/usr/convex/getsysinfo = unknown
/usr/bin/hostinfo      = unknown
/bin/machine           = unknown
/usr/bin/oslevel       = unknown
/bin/universe          = unknown

PATH: /usr/local/sbin
PATH: /usr/local/bin
PATH: /usr/sbin
PATH: /usr/bin
PATH: /sbin
PATH: /bin
PATH: /usr/games
PATH: /usr/local/games
PATH: /opt/apache-ant-1.9.1/bin
PATH: /home/apietila/adt-bundle-linux-x86_64-20130522/sdk/platform-tools
PATH: /home/apietila/tools/emscripten


## ----------- ##
## Core tests. ##
## ----------- ##

configure:2532: checking for a BSD-compatible install
configure:2600: result: /usr/bin/install -c
configure:2611: checking whether build environment is sane
configure:2648: result: yes
configure:2710: checking for gawk
configure:2726: found /usr/bin/gawk
configure:2737: result: gawk
configure:2748: checking whether make sets $(MAKE)
configure:2770: result: yes
configure:3076: checking for g++
configure:3092: found /usr/bin/g++
configure:3103: result: g++
configure:3130: checking for C++ compiler version
configure:3139: g++ --version >&5
g++ (Ubuntu/Linaro 4.7.3-1ubuntu1) 4.7.3
Copyright (C) 2012 Free Software Foundation, Inc.
This is free software; see the source for copying conditions.  There is NO
warranty; not even for MERCHANTABILITY or FITNESS FOR A PARTICULAR PURPOSE.

configure:3150: $? = 0
configure:3139: g++ -v >&5
Using built-in specs.
COLLECT_GCC=g++
COLLECT_LTO_WRAPPER=/usr/lib/gcc/x86_64-linux-gnu/4.7/lto-wrapper
Target: x86_64-linux-gnu
Configured with: ../src/configure -v --with-pkgversion='Ubuntu/Linaro 4.7.3-1ubuntu1' --with-bugurl=file:///usr/share/doc/gcc-4.7/README.Bugs --enable-languages=c,c++,go,fortran,objc,obj-c++ --prefix=/usr --program-suffix=-4.7 --enable-shared --enable-linker-build-id --libexecdir=/usr/lib --without-included-gettext --enable-threads=posix --with-gxx-include-dir=/usr/include/c++/4.7 --libdir=/usr/lib --enable-nls --with-sysroot=/ --enable-clocale=gnu --enable-libstdcxx-debug --enable-libstdcxx-time=yes --enable-gnu-unique-object --enable-plugin --with-system-zlib --enable-objc-gc --with-cloog --enable-cloog-backend=ppl --disable-cloog-version-check --disable-ppl-version-check --enable-multiarch --disable-werror --with-arch-32=i686 --with-abi=m64 --with-multilib-list=m32,m64,mx32 --with-tune=generic --enable-checking=release --build=x86_64-linux-gnu --host=x86_64-linux-gnu --target=x86_64-linux-gnu
Thread model: posix
gcc version 4.7.3 (Ubuntu/Linaro 4.7.3-1ubuntu1) 
configure:3150: $? = 0
configure:3139: g++ -V >&5
g++: error: unrecognized command line option '-V'
g++: fatal error: no input files
compilation terminated.
configure:3150: $? = 4
configure:3139: g++ -qversion >&5
g++: error: unrecognized command line option '-qversion'
g++: fatal error: no input files
compilation terminated.
configure:3150: $? = 4
configure:3170: checking whether the C++ compiler works
configure:3192: g++    conftest.cpp  >&5
configure:3196: $? = 0
configure:3244: result: yes
configure:3247: checking for C++ compiler default output file name
configure:3249: result: a.out
configure:3255: checking for suffix of executables
configure:3262: g++ -o conftest    conftest.cpp  >&5
configure:3266: $? = 0
configure:3288: result: 
configure:3310: checking whether we are cross compiling
configure:3318: g++ -o conftest    conftest.cpp  >&5
configure:3322: $? = 0
configure:3329: ./conftest
configure:3333: $? = 0
configure:3348: result: no
configure:3353: checking for suffix of object files
configure:3375: g++ -c   conftest.cpp >&5
configure:3379: $? = 0
configure:3400: result: o
configure:3404: checking whether we are using the GNU C++ compiler
configure:3423: g++ -c   conftest.cpp >&5
configure:3423: $? = 0
configure:3432: result: yes
configure:3441: checking whether g++ accepts -g
configure:3461: g++ -c -g  conftest.cpp >&5
configure:3461: $? = 0
configure:3502: result: yes
configure:3536: checking for style of include used by make
configure:3564: result: GNU
configure:3592: checking dependency style of g++
configure:3682: result: gcc3
configure:3748: checking for gcc
configure:3764: found /usr/bin/gcc
configure:3775: result: gcc
configure:4004: checking for C compiler version
configure:4013: gcc --version >&5
gcc (Ubuntu/Linaro 4.7.3-1ubuntu1) 4.7.3
Copyright (C) 2012 Free Software Foundation, Inc.
This is free software; see the source for copying conditions.  There is NO
warranty; not even for MERCHANTABILITY or FITNESS FOR A PARTICULAR PURPOSE.

configure:4024: $? = 0
configure:4013: gcc -v >&5
Using built-in specs.
COLLECT_GCC=gcc
COLLECT_LTO_WRAPPER=/usr/lib/gcc/x86_64-linux-gnu/4.7/lto-wrapper
Target: x86_64-linux-gnu
Configured with: ../src/configure -v --with-pkgversion='Ubuntu/Linaro 4.7.3-1ubuntu1' --with-bugurl=file:///usr/share/doc/gcc-4.7/README.Bugs --enable-languages=c,c++,go,fortran,objc,obj-c++ --prefix=/usr --program-suffix=-4.7 --enable-shared --enable-linker-build-id --libexecdir=/usr/lib --without-included-gettext --enable-threads=posix --with-gxx-include-dir=/usr/include/c++/4.7 --libdir=/usr/lib --enable-nls --with-sysroot=/ --enable-clocale=gnu --enable-libstdcxx-debug --enable-libstdcxx-time=yes --enable-gnu-unique-object --enable-plugin --with-system-zlib --enable-objc-gc --with-cloog --enable-cloog-backend=ppl --disable-cloog-version-check --disable-ppl-version-check --enable-multiarch --disable-werror --with-arch-32=i686 --with-abi=m64 --with-multilib-list=m32,m64,mx32 --with-tune=generic --enable-checking=release --build=x86_64-linux-gnu --host=x86_64-linux-gnu --target=x86_64-linux-gnu
Thread model: posix
gcc version 4.7.3 (Ubuntu/Linaro 4.7.3-1ubuntu1) 
configure:4024: $? = 0
configure:4013: gcc -V >&5
gcc: error: unrecognized command line option '-V'
gcc: fatal error: no input files
compilation terminated.
configure:4024: $? = 4
configure:4013: gcc -qversion >&5
gcc: error: unrecognized command line option '-qversion'
gcc: fatal error: no input files
compilation terminated.
configure:4024: $? = 4
configure:4028: checking whether we are using the GNU C compiler
configure:4047: gcc -c   conftest.c >&5
configure:4047: $? = 0
configure:4056: result: yes
configure:4065: checking whether gcc accepts -g
configure:4085: gcc -c -g  conftest.c >&5
configure:4085: $? = 0
configure:4126: result: yes
configure:4143: checking for gcc option to accept ISO C89
configure:4206: gcc  -c -g -O2  conftest.c >&5
configure:4206: $? = 0
configure:4219: result: none needed
configure:4241: checking dependency style of gcc
configure:4331: result: gcc3
configure:4350: checking for library containing strerror
configure:4381: gcc -o conftest  -O2    conftest.c  >&5
configure:4381: $? = 0
configure:4398: result: none required
configure:4407: checking whether make sets $(MAKE)
configure:4429: result: yes
configure:4481: checking for ranlib
configure:4497: found /usr/bin/ranlib
configure:4508: result: ranlib
configure:4540: checking build system type
configure:4554: result: x86_64-unknown-linux-gnu
configure:4574: checking host system type
configure:4587: result: x86_64-unknown-linux-gnu
configure:4775: checking for the pthreads library -lpthreads
configure:4808: gcc -o conftest  -O2     conftest.c -lpthreads  >&5
/usr/bin/ld: cannot find -lpthreads
collect2: error: ld returned 1 exit status
configure:4808: $? = 1
configure: failed program was:
| /* confdefs.h */
| #define PACKAGE_NAME "Iperf"
| #define PACKAGE_TARNAME "iperf"
| #define PACKAGE_VERSION "2.0.5"
| #define PACKAGE_STRING "Iperf 2.0.5"
| #define PACKAGE_BUGREPORT ""
| #define PACKAGE_URL ""
| #define PACKAGE "iperf"
| #define VERSION "2.0.5"
| /* end confdefs.h.  */
| #include <pthread.h>
| int
| main ()
| {
| pthread_t th; pthread_join(th, 0);
|                      pthread_attr_init(0); pthread_cleanup_push(0, 0);
|                      pthread_create(0,0,0,0); pthread_cleanup_pop(0);
|   ;
|   return 0;
| }
configure:4817: result: no
configure:4720: checking whether pthreads work without any flags
configure:4808: gcc -o conftest  -O2     conftest.c   >&5
/tmp/ccnfZQkJ.o: In function `main':
conftest.c:(.text.startup+0x9): undefined reference to `pthread_join'
conftest.c:(.text.startup+0x26): undefined reference to `__pthread_register_cancel'
conftest.c:(.text.startup+0x33): undefined reference to `pthread_create'
conftest.c:(.text.startup+0x3b): undefined reference to `__pthread_unregister_cancel'
collect2: error: ld returned 1 exit status
configure:4808: $? = 1
configure: failed program was:
| /* confdefs.h */
| #define PACKAGE_NAME "Iperf"
| #define PACKAGE_TARNAME "iperf"
| #define PACKAGE_VERSION "2.0.5"
| #define PACKAGE_STRING "Iperf 2.0.5"
| #define PACKAGE_BUGREPORT ""
| #define PACKAGE_URL ""
| #define PACKAGE "iperf"
| #define VERSION "2.0.5"
| /* end confdefs.h.  */
| #include <pthread.h>
| int
| main ()
| {
| pthread_t th; pthread_join(th, 0);
|                      pthread_attr_init(0); pthread_cleanup_push(0, 0);
|                      pthread_create(0,0,0,0); pthread_cleanup_pop(0);
|   ;
|   return 0;
| }
configure:4817: result: no
configure:4725: checking whether pthreads work with -Kthread
configure:4808: gcc -o conftest  -O2  -Kthread   conftest.c   >&5
gcc: error: unrecognized command line option '-Kthread'
configure:4808: $? = 1
configure: failed program was:
| /* confdefs.h */
| #define PACKAGE_NAME "Iperf"
| #define PACKAGE_TARNAME "iperf"
| #define PACKAGE_VERSION "2.0.5"
| #define PACKAGE_STRING "Iperf 2.0.5"
| #define PACKAGE_BUGREPORT ""
| #define PACKAGE_URL ""
| #define PACKAGE "iperf"
| #define VERSION "2.0.5"
| /* end confdefs.h.  */
| #include <pthread.h>
| int
| main ()
| {
| pthread_t th; pthread_join(th, 0);
|                      pthread_attr_init(0); pthread_cleanup_push(0, 0);
|                      pthread_create(0,0,0,0); pthread_cleanup_pop(0);
|   ;
|   return 0;
| }
configure:4817: result: no
configure:4725: checking whether pthreads work with -kthread
configure:4808: gcc -o conftest  -O2  -kthread   conftest.c   >&5
gcc: error: unrecognized command line option '-kthread'
configure:4808: $? = 1
configure: failed program was:
| /* confdefs.h */
| #define PACKAGE_NAME "Iperf"
| #define PACKAGE_TARNAME "iperf"
| #define PACKAGE_VERSION "2.0.5"
| #define PACKAGE_STRING "Iperf 2.0.5"
| #define PACKAGE_BUGREPORT ""
| #define PACKAGE_URL ""
| #define PACKAGE "iperf"
| #define VERSION "2.0.5"
| /* end confdefs.h.  */
| #include <pthread.h>
| int
| main ()
| {
| pthread_t th; pthread_join(th, 0);
|                      pthread_attr_init(0); pthread_cleanup_push(0, 0);
|                      pthread_create(0,0,0,0); pthread_cleanup_pop(0);
|   ;
|   return 0;
| }
configure:4817: result: no
configure:4775: checking for the pthreads library -llthread
configure:4808: gcc -o conftest  -O2     conftest.c -llthread  >&5
/usr/bin/ld: cannot find -llthread
collect2: error: ld returned 1 exit status
configure:4808: $? = 1
configure: failed program was:
| /* confdefs.h */
| #define PACKAGE_NAME "Iperf"
| #define PACKAGE_TARNAME "iperf"
| #define PACKAGE_VERSION "2.0.5"
| #define PACKAGE_STRING "Iperf 2.0.5"
| #define PACKAGE_BUGREPORT ""
| #define PACKAGE_URL ""
| #define PACKAGE "iperf"
| #define VERSION "2.0.5"
| /* end confdefs.h.  */
| #include <pthread.h>
| int
| main ()
| {
| pthread_t th; pthread_join(th, 0);
|                      pthread_attr_init(0); pthread_cleanup_push(0, 0);
|                      pthread_create(0,0,0,0); pthread_cleanup_pop(0);
|   ;
|   return 0;
| }
configure:4817: result: no
configure:4725: checking whether pthreads work with -pthread
configure:4808: gcc -o conftest  -O2  -pthread   conftest.c   >&5
configure:4808: $? = 0
configure:4817: result: yes
configure:4837: checking for joinable pthread attribute
configure:4850: gcc -o conftest  -O2  -pthread   conftest.c   >&5
configure:4850: $? = 0
configure:4882: result: PTHREAD_CREATE_JOINABLE
configure:4889: checking if more special flags are required for pthreads
configure:4896: result: no
configure:4908: checking for cc_r
configure:4936: result: gcc
configure:4977: checking for gethostbyname
configure:4977: gcc -o conftest  -O2    conftest.c  >&5
configure:4977: $? = 0
configure:4977: result: yes
configure:5028: checking for socket
configure:5028: gcc -o conftest  -O2    conftest.c  >&5
configure:5028: $? = 0
configure:5028: result: yes
configure:5085: checking how to run the C preprocessor
configure:5116: gcc -E  conftest.c
configure:5116: $? = 0
configure:5130: gcc -E  conftest.c
conftest.c:14:28: fatal error: ac_nonexistent.h: No such file or directory
compilation terminated.
configure:5130: $? = 1
configure: failed program was:
| /* confdefs.h */
| #define PACKAGE_NAME "Iperf"
| #define PACKAGE_TARNAME "iperf"
| #define PACKAGE_VERSION "2.0.5"
| #define PACKAGE_STRING "Iperf 2.0.5"
| #define PACKAGE_BUGREPORT ""
| #define PACKAGE_URL ""
| #define PACKAGE "iperf"
| #define VERSION "2.0.5"
| #define HAVE_PTHREAD 1
| #define HAVE_POSIX_THREAD 1
| #define _REENTRANT 1
| /* end confdefs.h.  */
| #include <ac_nonexistent.h>
configure:5155: result: gcc -E
configure:5175: gcc -E  conftest.c
configure:5175: $? = 0
configure:5189: gcc -E  conftest.c
conftest.c:14:28: fatal error: ac_nonexistent.h: No such file or directory
compilation terminated.
configure:5189: $? = 1
configure: failed program was:
| /* confdefs.h */
| #define PACKAGE_NAME "Iperf"
| #define PACKAGE_TARNAME "iperf"
| #define PACKAGE_VERSION "2.0.5"
| #define PACKAGE_STRING "Iperf 2.0.5"
| #define PACKAGE_BUGREPORT ""
| #define PACKAGE_URL ""
| #define PACKAGE "iperf"
| #define VERSION "2.0.5"
| #define HAVE_PTHREAD 1
| #define HAVE_POSIX_THREAD 1
| #define _REENTRANT 1
| /* end confdefs.h.  */
| #include <ac_nonexistent.h>
configure:5218: checking for grep that handles long lines and -e
configure:5276: result: /bin/grep
configure:5281: checking for egrep
configure:5343: result: /bin/grep -E
configure:5348: checking for ANSI C header files
configure:5368: gcc -c  -O2   conftest.c >&5
configure:5368: $? = 0
configure:5441: gcc -o conftest  -O2    conftest.c  >&5
configure:5441: $? = 0
configure:5441: ./conftest
configure:5441: $? = 0
configure:5452: result: yes
configure:5465: checking for sys/types.h
configure:5465: gcc -c  -O2   conftest.c >&5
configure:5465: $? = 0
configure:5465: result: yes
configure:5465: checking for sys/stat.h
configure:5465: gcc -c  -O2   conftest.c >&5
configure:5465: $? = 0
configure:5465: result: yes
configure:5465: checking for stdlib.h
configure:5465: gcc -c  -O2   conftest.c >&5
configure:5465: $? = 0
configure:5465: result: yes
configure:5465: checking for string.h
configure:5465: gcc -c  -O2   conftest.c >&5
configure:5465: $? = 0
configure:5465: result: yes
configure:5465: checking for memory.h
configure:5465: gcc -c  -O2   conftest.c >&5
configure:5465: $? = 0
configure:5465: result: yes
configure:5465: checking for strings.h
configure:5465: gcc -c  -O2   conftest.c >&5
configure:5465: $? = 0
configure:5465: result: yes
configure:5465: checking for inttypes.h
configure:5465: gcc -c  -O2   conftest.c >&5
configure:5465: $? = 0
configure:5465: result: yes
configure:5465: checking for stdint.h
configure:5465: gcc -c  -O2   conftest.c >&5
configure:5465: $? = 0
configure:5465: result: yes
configure:5465: checking for unistd.h
configure:5465: gcc -c  -O2   conftest.c >&5
configure:5465: $? = 0
configure:5465: result: yes
configure:5480: checking arpa/inet.h usability
configure:5480: gcc -c  -O2   conftest.c >&5
configure:5480: $? = 0
configure:5480: result: yes
configure:5480: checking arpa/inet.h presence
configure:5480: gcc -E  conftest.c
configure:5480: $? = 0
configure:5480: result: yes
configure:5480: checking for arpa/inet.h
configure:5480: result: yes
configure:5480: checking libintl.h usability
configure:5480: gcc -c  -O2   conftest.c >&5
configure:5480: $? = 0
configure:5480: result: yes
configure:5480: checking libintl.h presence
configure:5480: gcc -E  conftest.c
configure:5480: $? = 0
configure:5480: result: yes
configure:5480: checking for libintl.h
configure:5480: result: yes
configure:5480: checking netdb.h usability
configure:5480: gcc -c  -O2   conftest.c >&5
configure:5480: $? = 0
configure:5480: result: yes
configure:5480: checking netdb.h presence
configure:5480: gcc -E  conftest.c
configure:5480: $? = 0
configure:5480: result: yes
configure:5480: checking for netdb.h
configure:5480: result: yes
configure:5480: checking netinet/in.h usability
configure:5480: gcc -c  -O2   conftest.c >&5
configure:5480: $? = 0
configure:5480: result: yes
configure:5480: checking netinet/in.h presence
configure:5480: gcc -E  conftest.c
configure:5480: $? = 0
configure:5480: result: yes
configure:5480: checking for netinet/in.h
configure:5480: result: yes
configure:5480: checking for stdlib.h
configure:5480: result: yes
configure:5480: checking for string.h
configure:5480: result: yes
configure:5480: checking for strings.h
configure:5480: result: yes
configure:5480: checking sys/socket.h usability
configure:5480: gcc -c  -O2   conftest.c >&5
configure:5480: $? = 0
configure:5480: result: yes
configure:5480: checking sys/socket.h presence
configure:5480: gcc -E  conftest.c
configure:5480: $? = 0
configure:5480: result: yes
configure:5480: checking for sys/socket.h
configure:5480: result: yes
configure:5480: checking sys/time.h usability
configure:5480: gcc -c  -O2   conftest.c >&5
configure:5480: $? = 0
configure:5480: result: yes
configure:5480: checking sys/time.h presence
configure:5480: gcc -E  conftest.c
configure:5480: $? = 0
configure:5480: result: yes
configure:5480: checking for sys/time.h
configure:5480: result: yes
configure:5480: checking syslog.h usability
configure:5480: gcc -c  -O2   conftest.c >&5
configure:5480: $? = 0
configure:5480: result: yes
configure:5480: checking syslog.h presence
configure:5480: gcc -E  conftest.c
configure:5480: $? = 0
configure:5480: result: yes
configure:5480: checking for syslog.h
configure:5480: result: yes
configure:5480: checking for unistd.h
configure:5480: result: yes
configure:5492: checking for an ANSI C-conforming const
configure:5558: gcc -c  -O2   conftest.c >&5
configure:5558: $? = 0
configure:5565: result: yes
configure:5573: checking for size_t
configure:5573: gcc -c  -O2   conftest.c >&5
configure:5573: $? = 0
configure:5573: gcc -c  -O2   conftest.c >&5
conftest.c: In function 'main':
conftest.c:71:21: error: expected expression before ')' token
configure:5573: $? = 1
configure: failed program was:
| /* confdefs.h */
| #define PACKAGE_NAME "Iperf"
| #define PACKAGE_TARNAME "iperf"
| #define PACKAGE_VERSION "2.0.5"
| #define PACKAGE_STRING "Iperf 2.0.5"
| #define PACKAGE_BUGREPORT ""
| #define PACKAGE_URL ""
| #define PACKAGE "iperf"
| #define VERSION "2.0.5"
| #define HAVE_PTHREAD 1
| #define HAVE_POSIX_THREAD 1
| #define _REENTRANT 1
| #define STDC_HEADERS 1
| #define HAVE_SYS_TYPES_H 1
| #define HAVE_SYS_STAT_H 1
| #define HAVE_STDLIB_H 1
| #define HAVE_STRING_H 1
| #define HAVE_MEMORY_H 1
| #define HAVE_STRINGS_H 1
| #define HAVE_INTTYPES_H 1
| #define HAVE_STDINT_H 1
| #define HAVE_UNISTD_H 1
| #define HAVE_ARPA_INET_H 1
| #define HAVE_LIBINTL_H 1
| #define HAVE_NETDB_H 1
| #define HAVE_NETINET_IN_H 1
| #define HAVE_STDLIB_H 1
| #define HAVE_STRING_H 1
| #define HAVE_STRINGS_H 1
| #define HAVE_SYS_SOCKET_H 1
| #define HAVE_SYS_TIME_H 1
| #define HAVE_SYSLOG_H 1
| #define HAVE_UNISTD_H 1
| /* end confdefs.h.  */
| #include <stdio.h>
| #ifdef HAVE_SYS_TYPES_H
| # include <sys/types.h>
| #endif
| #ifdef HAVE_SYS_STAT_H
| # include <sys/stat.h>
| #endif
| #ifdef STDC_HEADERS
| # include <stdlib.h>
| # include <stddef.h>
| #else
| # ifdef HAVE_STDLIB_H
| #  include <stdlib.h>
| # endif
| #endif
| #ifdef HAVE_STRING_H
| # if !defined STDC_HEADERS && defined HAVE_MEMORY_H
| #  include <memory.h>
| # endif
| # include <string.h>
| #endif
| #ifdef HAVE_STRINGS_H
| # include <strings.h>
| #endif
| #ifdef HAVE_INTTYPES_H
| # include <inttypes.h>
| #endif
| #ifdef HAVE_STDINT_H
| # include <stdint.h>
| #endif
| #ifdef HAVE_UNISTD_H
| # include <unistd.h>
| #endif
| int
| main ()
| {
| if (sizeof ((size_t)))
| 	    return 0;
|   ;
|   return 0;
| }
configure:5573: result: yes
configure:5584: checking for ssize_t
configure:5584: gcc -c  -O2   conftest.c >&5
configure:5584: $? = 0
configure:5584: gcc -c  -O2   conftest.c >&5
conftest.c: In function 'main':
conftest.c:71:22: error: expected expression before ')' token
configure:5584: $? = 1
configure: failed program was:
| /* confdefs.h */
| #define PACKAGE_NAME "Iperf"
| #define PACKAGE_TARNAME "iperf"
| #define PACKAGE_VERSION "2.0.5"
| #define PACKAGE_STRING "Iperf 2.0.5"
| #define PACKAGE_BUGREPORT ""
| #define PACKAGE_URL ""
| #define PACKAGE "iperf"
| #define VERSION "2.0.5"
| #define HAVE_PTHREAD 1
| #define HAVE_POSIX_THREAD 1
| #define _REENTRANT 1
| #define STDC_HEADERS 1
| #define HAVE_SYS_TYPES_H 1
| #define HAVE_SYS_STAT_H 1
| #define HAVE_STDLIB_H 1
| #define HAVE_STRING_H 1
| #define HAVE_MEMORY_H 1
| #define HAVE_STRINGS_H 1
| #define HAVE_INTTYPES_H 1
| #define HAVE_STDINT_H 1
| #define HAVE_UNISTD_H 1
| #define HAVE_ARPA_INET_H 1
| #define HAVE_LIBINTL_H 1
| #define HAVE_NETDB_H 1
| #define HAVE_NETINET_IN_H 1
| #define HAVE_STDLIB_H 1
| #define HAVE_STRING_H 1
| #define HAVE_STRINGS_H 1
| #define HAVE_SYS_SOCKET_H 1
| #define HAVE_SYS_TIME_H 1
| #define HAVE_SYSLOG_H 1
| #define HAVE_UNISTD_H 1
| /* end confdefs.h.  */
| #include <stdio.h>
| #ifdef HAVE_SYS_TYPES_H
| # include <sys/types.h>
| #endif
| #ifdef HAVE_SYS_STAT_H
| # include <sys/stat.h>
| #endif
| #ifdef STDC_HEADERS
| # include <stdlib.h>
| # include <stddef.h>
| #else
| # ifdef HAVE_STDLIB_H
| #  include <stdlib.h>
| # endif
| #endif
| #ifdef HAVE_STRING_H
| # if !defined STDC_HEADERS && defined HAVE_MEMORY_H
| #  include <memory.h>
| # endif
| # include <string.h>
| #endif
| #ifdef HAVE_STRINGS_H
| # include <strings.h>
| #endif
| #ifdef HAVE_INTTYPES_H
| # include <inttypes.h>
| #endif
| #ifdef HAVE_STDINT_H
| # include <stdint.h>
| #endif
| #ifdef HAVE_UNISTD_H
| # include <unistd.h>
| #endif
| int
| main ()
| {
| if (sizeof ((ssize_t)))
| 	    return 0;
|   ;
|   return 0;
| }
configure:5584: result: yes
configure:5599: checking whether time.h and sys/time.h may both be included
configure:5619: gcc -c  -O2   conftest.c >&5
configure:5619: $? = 0
configure:5626: result: yes
configure:5634: checking whether struct tm is in sys/time.h or time.h
configure:5654: gcc -c  -O2   conftest.c >&5
configure:5654: $? = 0
configure:5661: result: time.h
configure:5671: checking for stdint types
configure:5694: gcc -c   conftest.c >&5
configure:5694: $? = 0
configure:5719: result: stdint.h (shortcircuit)
configure:6104: result: make use of stdint.h in include/iperf-int.h (assuming C99 compatible system)
configure:6113: checking 3rd argument of accept
configure:6142: g++ -c  -O2   conftest.cpp >&5
configure:6142: $? = 0
configure:6305: result: socklen_t
configure:6318: checking for pid_t
configure:6318: gcc -c  -O2   conftest.c >&5
configure:6318: $? = 0
configure:6318: gcc -c  -O2   conftest.c >&5
conftest.c: In function 'main':
conftest.c:74:20: error: expected expression before ')' token
configure:6318: $? = 1
configure: failed program was:
| /* confdefs.h */
| #define PACKAGE_NAME "Iperf"
| #define PACKAGE_TARNAME "iperf"
| #define PACKAGE_VERSION "2.0.5"
| #define PACKAGE_STRING "Iperf 2.0.5"
| #define PACKAGE_BUGREPORT ""
| #define PACKAGE_URL ""
| #define PACKAGE "iperf"
| #define VERSION "2.0.5"
| #define HAVE_PTHREAD 1
| #define HAVE_POSIX_THREAD 1
| #define _REENTRANT 1
| #define STDC_HEADERS 1
| #define HAVE_SYS_TYPES_H 1
| #define HAVE_SYS_STAT_H 1
| #define HAVE_STDLIB_H 1
| #define HAVE_STRING_H 1
| #define HAVE_MEMORY_H 1
| #define HAVE_STRINGS_H 1
| #define HAVE_INTTYPES_H 1
| #define HAVE_STDINT_H 1
| #define HAVE_UNISTD_H 1
| #define HAVE_ARPA_INET_H 1
| #define HAVE_LIBINTL_H 1
| #define HAVE_NETDB_H 1
| #define HAVE_NETINET_IN_H 1
| #define HAVE_STDLIB_H 1
| #define HAVE_STRING_H 1
| #define HAVE_STRINGS_H 1
| #define HAVE_SYS_SOCKET_H 1
| #define HAVE_SYS_TIME_H 1
| #define HAVE_SYSLOG_H 1
| #define HAVE_UNISTD_H 1
| #define HAVE_SSIZE_T 1
| #define TIME_WITH_SYS_TIME 1
| #define Socklen_t socklen_t
| /* end confdefs.h.  */
| #include <stdio.h>
| #ifdef HAVE_SYS_TYPES_H
| # include <sys/types.h>
| #endif
| #ifdef HAVE_SYS_STAT_H
| # include <sys/stat.h>
| #endif
| #ifdef STDC_HEADERS
| # include <stdlib.h>
| # include <stddef.h>
| #else
| # ifdef HAVE_STDLIB_H
| #  include <stdlib.h>
| # endif
| #endif
| #ifdef HAVE_STRING_H
| # if !defined STDC_HEADERS && defined HAVE_MEMORY_H
| #  include <memory.h>
| # endif
| # include <string.h>
| #endif
| #ifdef HAVE_STRINGS_H
| # include <strings.h>
| #endif
| #ifdef HAVE_INTTYPES_H
| # include <inttypes.h>
| #endif
| #ifdef HAVE_STDINT_H
| # include <stdint.h>
| #endif
| #ifdef HAVE_UNISTD_H
| # include <unistd.h>
| #endif
| int
| main ()
| {
| if (sizeof ((pid_t)))
| 	    return 0;
|   ;
|   return 0;
| }
configure:6318: result: yes
configure:6331: checking vfork.h usability
configure:6331: gcc -c  -O2   conftest.c >&5
conftest.c:71:19: fatal error: vfork.h: No such file or directory
compilation terminated.
configure:6331: $? = 1
configure: failed program was:
| /* confdefs.h */
| #define PACKAGE_NAME "Iperf"
| #define PACKAGE_TARNAME "iperf"
| #define PACKAGE_VERSION "2.0.5"
| #define PACKAGE_STRING "Iperf 2.0.5"
| #define PACKAGE_BUGREPORT ""
| #define PACKAGE_URL ""
| #define PACKAGE "iperf"
| #define VERSION "2.0.5"
| #define HAVE_PTHREAD 1
| #define HAVE_POSIX_THREAD 1
| #define _REENTRANT 1
| #define STDC_HEADERS 1
| #define HAVE_SYS_TYPES_H 1
| #define HAVE_SYS_STAT_H 1
| #define HAVE_STDLIB_H 1
| #define HAVE_STRING_H 1
| #define HAVE_MEMORY_H 1
| #define HAVE_STRINGS_H 1
| #define HAVE_INTTYPES_H 1
| #define HAVE_STDINT_H 1
| #define HAVE_UNISTD_H 1
| #define HAVE_ARPA_INET_H 1
| #define HAVE_LIBINTL_H 1
| #define HAVE_NETDB_H 1
| #define HAVE_NETINET_IN_H 1
| #define HAVE_STDLIB_H 1
| #define HAVE_STRING_H 1
| #define HAVE_STRINGS_H 1
| #define HAVE_SYS_SOCKET_H 1
| #define HAVE_SYS_TIME_H 1
| #define HAVE_SYSLOG_H 1
| #define HAVE_UNISTD_H 1
| #define HAVE_SSIZE_T 1
| #define TIME_WITH_SYS_TIME 1
| #define Socklen_t socklen_t
| /* end confdefs.h.  */
| #include <stdio.h>
| #ifdef HAVE_SYS_TYPES_H
| # include <sys/types.h>
| #endif
| #ifdef HAVE_SYS_STAT_H
| # include <sys/stat.h>
| #endif
| #ifdef STDC_HEADERS
| # include <stdlib.h>
| # include <stddef.h>
| #else
| # ifdef HAVE_STDLIB_H
| #  include <stdlib.h>
| # endif
| #endif
| #ifdef HAVE_STRING_H
| # if !defined STDC_HEADERS && defined HAVE_MEMORY_H
| #  include <memory.h>
| # endif
| # include <string.h>
| #endif
| #ifdef HAVE_STRINGS_H
| # include <strings.h>
| #endif
| #ifdef HAVE_INTTYPES_H
| # include <inttypes.h>
| #endif
| #ifdef HAVE_STDINT_H
| # include <stdint.h>
| #endif
| #ifdef HAVE_UNISTD_H
| # include <unistd.h>
| #endif
| #include <vfork.h>
configure:6331: result: no
configure:6331: checking vfork.h presence
configure:6331: gcc -E  conftest.c
conftest.c:38:19: fatal error: vfork.h: No such file or directory
compilation terminated.
configure:6331: $? = 1
configure: failed program was:
| /* confdefs.h */
| #define PACKAGE_NAME "Iperf"
| #define PACKAGE_TARNAME "iperf"
| #define PACKAGE_VERSION "2.0.5"
| #define PACKAGE_STRING "Iperf 2.0.5"
| #define PACKAGE_BUGREPORT ""
| #define PACKAGE_URL ""
| #define PACKAGE "iperf"
| #define VERSION "2.0.5"
| #define HAVE_PTHREAD 1
| #define HAVE_POSIX_THREAD 1
| #define _REENTRANT 1
| #define STDC_HEADERS 1
| #define HAVE_SYS_TYPES_H 1
| #define HAVE_SYS_STAT_H 1
| #define HAVE_STDLIB_H 1
| #define HAVE_STRING_H 1
| #define HAVE_MEMORY_H 1
| #define HAVE_STRINGS_H 1
| #define HAVE_INTTYPES_H 1
| #define HAVE_STDINT_H 1
| #define HAVE_UNISTD_H 1
| #define HAVE_ARPA_INET_H 1
| #define HAVE_LIBINTL_H 1
| #define HAVE_NETDB_H 1
| #define HAVE_NETINET_IN_H 1
| #define HAVE_STDLIB_H 1
| #define HAVE_STRING_H 1
| #define HAVE_STRINGS_H 1
| #define HAVE_SYS_SOCKET_H 1
| #define HAVE_SYS_TIME_H 1
| #define HAVE_SYSLOG_H 1
| #define HAVE_UNISTD_H 1
| #define HAVE_SSIZE_T 1
| #define TIME_WITH_SYS_TIME 1
| #define Socklen_t socklen_t
| /* end confdefs.h.  */
| #include <vfork.h>
configure:6331: result: no
configure:6331: checking for vfork.h
configure:6331: result: no
configure:6344: checking for fork
configure:6344: gcc -o conftest  -O2    conftest.c  >&5
conftest.c:61:6: warning: conflicting types for built-in function 'fork' [enabled by default]
configure:6344: $? = 0
configure:6344: result: yes
configure:6344: checking for vfork
configure:6344: gcc -o conftest  -O2    conftest.c  >&5
configure:6344: $? = 0
configure:6344: result: yes
configure:6354: checking for working fork
configure:6376: gcc -o conftest  -O2    conftest.c  >&5
configure:6376: $? = 0
configure:6376: ./conftest
configure:6376: $? = 0
configure:6386: result: yes
configure:6407: checking for working vfork
configure:6517: result: yes
configure:6544: checking for stdlib.h
configure:6544: result: yes
configure:6554: checking for GNU libc compatible malloc
configure:6578: gcc -o conftest  -O2    conftest.c  >&5
configure:6578: $? = 0
configure:6578: ./conftest
configure:6578: $? = 0
configure:6588: result: yes
configure:6609: checking for working memcmp
configure:6652: gcc -o conftest  -O2    conftest.c  >&5
configure:6652: $? = 0
configure:6652: ./conftest
configure:6652: $? = 0
configure:6662: result: yes
configure:6674: checking sys/select.h usability
configure:6674: gcc -c  -O2   conftest.c >&5
configure:6674: $? = 0
configure:6674: result: yes
configure:6674: checking sys/select.h presence
configure:6674: gcc -E  conftest.c
configure:6674: $? = 0
configure:6674: result: yes
configure:6674: checking for sys/select.h
configure:6674: result: yes
configure:6674: checking for sys/socket.h
configure:6674: result: yes
configure:6684: checking types of arguments for select
configure:6712: gcc -c  -O2   conftest.c >&5
configure:6712: $? = 0
configure:6723: result: int,fd_set *,struct timeval *
configure:6746: checking return type of signal handlers
configure:6764: gcc -c  -O2   conftest.c >&5
conftest.c: In function 'main':
conftest.c:55:1: error: void value not ignored as it ought to be
configure:6764: $? = 1
configure: failed program was:
| /* confdefs.h */
| #define PACKAGE_NAME "Iperf"
| #define PACKAGE_TARNAME "iperf"
| #define PACKAGE_VERSION "2.0.5"
| #define PACKAGE_STRING "Iperf 2.0.5"
| #define PACKAGE_BUGREPORT ""
| #define PACKAGE_URL ""
| #define PACKAGE "iperf"
| #define VERSION "2.0.5"
| #define HAVE_PTHREAD 1
| #define HAVE_POSIX_THREAD 1
| #define _REENTRANT 1
| #define STDC_HEADERS 1
| #define HAVE_SYS_TYPES_H 1
| #define HAVE_SYS_STAT_H 1
| #define HAVE_STDLIB_H 1
| #define HAVE_STRING_H 1
| #define HAVE_MEMORY_H 1
| #define HAVE_STRINGS_H 1
| #define HAVE_INTTYPES_H 1
| #define HAVE_STDINT_H 1
| #define HAVE_UNISTD_H 1
| #define HAVE_ARPA_INET_H 1
| #define HAVE_LIBINTL_H 1
| #define HAVE_NETDB_H 1
| #define HAVE_NETINET_IN_H 1
| #define HAVE_STDLIB_H 1
| #define HAVE_STRING_H 1
| #define HAVE_STRINGS_H 1
| #define HAVE_SYS_SOCKET_H 1
| #define HAVE_SYS_TIME_H 1
| #define HAVE_SYSLOG_H 1
| #define HAVE_UNISTD_H 1
| #define HAVE_SSIZE_T 1
| #define TIME_WITH_SYS_TIME 1
| #define Socklen_t socklen_t
| #define HAVE_FORK 1
| #define HAVE_VFORK 1
| #define HAVE_WORKING_VFORK 1
| #define HAVE_WORKING_FORK 1
| #define HAVE_STDLIB_H 1
| #define HAVE_MALLOC 1
| #define HAVE_SYS_SELECT_H 1
| #define HAVE_SYS_SOCKET_H 1
| #define SELECT_TYPE_ARG1 int
| #define SELECT_TYPE_ARG234 (fd_set *)
| #define SELECT_TYPE_ARG5 (struct timeval *)
| /* end confdefs.h.  */
| #include <sys/types.h>
| #include <signal.h>
| 
| int
| main ()
| {
| return *(signal (0, 0)) (0) == 1;
|   ;
|   return 0;
| }
configure:6771: result: void
configure:6781: checking for strftime
configure:6781: gcc -o conftest  -O2    conftest.c  >&5
conftest.c:73:6: warning: conflicting types for built-in function 'strftime' [enabled by default]
configure:6781: $? = 0
configure:6781: result: yes
configure:6836: checking for vprintf
configure:6836: gcc -o conftest  -O2    conftest.c  >&5
conftest.c:74:6: warning: conflicting types for built-in function 'vprintf' [enabled by default]
configure:6836: $? = 0
configure:6836: result: yes
configure:6842: checking for _doprnt
configure:6842: gcc -o conftest  -O2    conftest.c  >&5
/tmp/cchpwZlq.o: In function `main':
conftest.c:(.text.startup+0x7): undefined reference to `_doprnt'
collect2: error: ld returned 1 exit status
configure:6842: $? = 1
configure: failed program was:
| /* confdefs.h */
| #define PACKAGE_NAME "Iperf"
| #define PACKAGE_TARNAME "iperf"
| #define PACKAGE_VERSION "2.0.5"
| #define PACKAGE_STRING "Iperf 2.0.5"
| #define PACKAGE_BUGREPORT ""
| #define PACKAGE_URL ""
| #define PACKAGE "iperf"
| #define VERSION "2.0.5"
| #define HAVE_PTHREAD 1
| #define HAVE_POSIX_THREAD 1
| #define _REENTRANT 1
| #define STDC_HEADERS 1
| #define HAVE_SYS_TYPES_H 1
| #define HAVE_SYS_STAT_H 1
| #define HAVE_STDLIB_H 1
| #define HAVE_STRING_H 1
| #define HAVE_MEMORY_H 1
| #define HAVE_STRINGS_H 1
| #define HAVE_INTTYPES_H 1
| #define HAVE_STDINT_H 1
| #define HAVE_UNISTD_H 1
| #define HAVE_ARPA_INET_H 1
| #define HAVE_LIBINTL_H 1
| #define HAVE_NETDB_H 1
| #define HAVE_NETINET_IN_H 1
| #define HAVE_STDLIB_H 1
| #define HAVE_STRING_H 1
| #define HAVE_STRINGS_H 1
| #define HAVE_SYS_SOCKET_H 1
| #define HAVE_SYS_TIME_H 1
| #define HAVE_SYSLOG_H 1
| #define HAVE_UNISTD_H 1
| #define HAVE_SSIZE_T 1
| #define TIME_WITH_SYS_TIME 1
| #define Socklen_t socklen_t
| #define HAVE_FORK 1
| #define HAVE_VFORK 1
| #define HAVE_WORKING_VFORK 1
| #define HAVE_WORKING_FORK 1
| #define HAVE_STDLIB_H 1
| #define HAVE_MALLOC 1
| #define HAVE_SYS_SELECT_H 1
| #define HAVE_SYS_SOCKET_H 1
| #define SELECT_TYPE_ARG1 int
| #define SELECT_TYPE_ARG234 (fd_set *)
| #define SELECT_TYPE_ARG5 (struct timeval *)
| #define RETSIGTYPE void
| #define HAVE_STRFTIME 1
| #define HAVE_VPRINTF 1
| /* end confdefs.h.  */
| /* Define _doprnt to an innocuous variant, in case <limits.h> declares _doprnt.
|    For example, HP-UX 11i <limits.h> declares gettimeofday.  */
| #define _doprnt innocuous__doprnt
| 
| /* System header to define __stub macros and hopefully few prototypes,
|     which can conflict with char _doprnt (); below.
|     Prefer <limits.h> to <assert.h> if __STDC__ is defined, since
|     <limits.h> exists even on freestanding compilers.  */
| 
| #ifdef __STDC__
| # include <limits.h>
| #else
| # include <assert.h>
| #endif
| 
| #undef _doprnt
| 
| /* Override any GCC internal prototype to avoid an error.
|    Use char because int might match the return type of a GCC
|    builtin and then its argument prototype would still apply.  */
| #ifdef __cplusplus
| extern "C"
| #endif
| char _doprnt ();
| /* The GNU C library defines this for functions which it implements
|     to always fail with ENOSYS.  Some functions are actually named
|     something starting with __ and the normal name is an alias.  */
| #if defined __stub__doprnt || defined __stub____doprnt
| choke me
| #endif
| 
| int
| main ()
| {
| return _doprnt ();
|   ;
|   return 0;
| }
configure:6842: result: no
configure:6856: checking for atexit
configure:6856: gcc -o conftest  -O2    conftest.c  >&5
configure:6856: $? = 0
configure:6856: result: yes
configure:6856: checking for gettimeofday
configure:6856: gcc -o conftest  -O2    conftest.c  >&5
configure:6856: $? = 0
configure:6856: result: yes
configure:6856: checking for memset
configure:6856: gcc -o conftest  -O2    conftest.c  >&5
conftest.c:77:6: warning: conflicting types for built-in function 'memset' [enabled by default]
configure:6856: $? = 0
configure:6856: result: yes
configure:6856: checking for pthread_cancel
configure:6856: gcc -o conftest  -O2    conftest.c  >&5
/tmp/ccQ8gwBK.o: In function `main':
conftest.c:(.text.startup+0x7): undefined reference to `pthread_cancel'
collect2: error: ld returned 1 exit status
configure:6856: $? = 1
configure: failed program was:
| /* confdefs.h */
| #define PACKAGE_NAME "Iperf"
| #define PACKAGE_TARNAME "iperf"
| #define PACKAGE_VERSION "2.0.5"
| #define PACKAGE_STRING "Iperf 2.0.5"
| #define PACKAGE_BUGREPORT ""
| #define PACKAGE_URL ""
| #define PACKAGE "iperf"
| #define VERSION "2.0.5"
| #define HAVE_PTHREAD 1
| #define HAVE_POSIX_THREAD 1
| #define _REENTRANT 1
| #define STDC_HEADERS 1
| #define HAVE_SYS_TYPES_H 1
| #define HAVE_SYS_STAT_H 1
| #define HAVE_STDLIB_H 1
| #define HAVE_STRING_H 1
| #define HAVE_MEMORY_H 1
| #define HAVE_STRINGS_H 1
| #define HAVE_INTTYPES_H 1
| #define HAVE_STDINT_H 1
| #define HAVE_UNISTD_H 1
| #define HAVE_ARPA_INET_H 1
| #define HAVE_LIBINTL_H 1
| #define HAVE_NETDB_H 1
| #define HAVE_NETINET_IN_H 1
| #define HAVE_STDLIB_H 1
| #define HAVE_STRING_H 1
| #define HAVE_STRINGS_H 1
| #define HAVE_SYS_SOCKET_H 1
| #define HAVE_SYS_TIME_H 1
| #define HAVE_SYSLOG_H 1
| #define HAVE_UNISTD_H 1
| #define HAVE_SSIZE_T 1
| #define TIME_WITH_SYS_TIME 1
| #define Socklen_t socklen_t
| #define HAVE_FORK 1
| #define HAVE_VFORK 1
| #define HAVE_WORKING_VFORK 1
| #define HAVE_WORKING_FORK 1
| #define HAVE_STDLIB_H 1
| #define HAVE_MALLOC 1
| #define HAVE_SYS_SELECT_H 1
| #define HAVE_SYS_SOCKET_H 1
| #define SELECT_TYPE_ARG1 int
| #define SELECT_TYPE_ARG234 (fd_set *)
| #define SELECT_TYPE_ARG5 (struct timeval *)
| #define RETSIGTYPE void
| #define HAVE_STRFTIME 1
| #define HAVE_VPRINTF 1
| #define HAVE_ATEXIT 1
| #define HAVE_GETTIMEOFDAY 1
| #define HAVE_MEMSET 1
| /* end confdefs.h.  */
| /* Define pthread_cancel to an innocuous variant, in case <limits.h> declares pthread_cancel.
|    For example, HP-UX 11i <limits.h> declares gettimeofday.  */
| #define pthread_cancel innocuous_pthread_cancel
| 
| /* System header to define __stub macros and hopefully few prototypes,
|     which can conflict with char pthread_cancel (); below.
|     Prefer <limits.h> to <assert.h> if __STDC__ is defined, since
|     <limits.h> exists even on freestanding compilers.  */
| 
| #ifdef __STDC__
| # include <limits.h>
| #else
| # include <assert.h>
| #endif
| 
| #undef pthread_cancel
| 
| /* Override any GCC internal prototype to avoid an error.
|    Use char because int might match the return type of a GCC
|    builtin and then its argument prototype would still apply.  */
| #ifdef __cplusplus
| extern "C"
| #endif
| char pthread_cancel ();
| /* The GNU C library defines this for functions which it implements
|     to always fail with ENOSYS.  Some functions are actually named
|     something starting with __ and the normal name is an alias.  */
| #if defined __stub_pthread_cancel || defined __stub___pthread_cancel
| choke me
| #endif
| 
| int
| main ()
| {
| return pthread_cancel ();
|   ;
|   return 0;
| }
configure:6856: result: no
configure:6856: checking for select
configure:6856: gcc -o conftest  -O2    conftest.c  >&5
configure:6856: $? = 0
configure:6856: result: yes
configure:6856: checking for strchr
configure:6856: gcc -o conftest  -O2    conftest.c  >&5
conftest.c:79:6: warning: conflicting types for built-in function 'strchr' [enabled by default]
configure:6856: $? = 0
configure:6856: result: yes
configure:6856: checking for strerror
configure:6856: gcc -o conftest  -O2    conftest.c  >&5
configure:6856: $? = 0
configure:6856: result: yes
configure:6856: checking for strtol
configure:6856: gcc -o conftest  -O2    conftest.c  >&5
configure:6856: $? = 0
configure:6856: result: yes
configure:6856: checking for usleep
configure:6856: gcc -o conftest  -O2    conftest.c  >&5
configure:6856: $? = 0
configure:6856: result: yes
configure:6865: checking for snprintf
configure:6865: gcc -o conftest  -O2    conftest.c  >&5
conftest.c:83:6: warning: conflicting types for built-in function 'snprintf' [enabled by default]
configure:6865: $? = 0
configure:6865: result: yes
configure:6878: checking for inet_pton
configure:6878: gcc -o conftest  -O2    conftest.c  >&5
configure:6878: $? = 0
configure:6878: result: yes
configure:6891: checking for inet_ntop
configure:6891: gcc -o conftest  -O2    conftest.c  >&5
configure:6891: $? = 0
configure:6891: result: yes
configure:6904: checking for gettimeofday
configure:6904: result: yes
configure:6923: checking *printf() support for %lld
configure:6940: gcc -o conftest  -O2    conftest.c  >&5
configure:6940: $? = 0
configure:6940: ./conftest
configure:6940: $? = 0
configure:6942: result: yes
configure:7010: checking size of bool
configure:7015: gcc -o conftest  -O2    conftest.c  >&5
conftest.c: In function 'longval':
conftest.c:99:57: error: 'bool' undeclared (first use in this function)
conftest.c:99:57: note: each undeclared identifier is reported only once for each function it appears in
conftest.c: In function 'ulongval':
conftest.c:100:67: error: 'bool' undeclared (first use in this function)
conftest.c: In function 'main':
conftest.c:110:28: error: 'bool' undeclared (first use in this function)
configure:7015: $? = 1
configure: program exited with status 1
configure: failed program was:
| /* confdefs.h */
| #define PACKAGE_NAME "Iperf"
| #define PACKAGE_TARNAME "iperf"
| #define PACKAGE_VERSION "2.0.5"
| #define PACKAGE_STRING "Iperf 2.0.5"
| #define PACKAGE_BUGREPORT ""
| #define PACKAGE_URL ""
| #define PACKAGE "iperf"
| #define VERSION "2.0.5"
| #define HAVE_PTHREAD 1
| #define HAVE_POSIX_THREAD 1
| #define _REENTRANT 1
| #define STDC_HEADERS 1
| #define HAVE_SYS_TYPES_H 1
| #define HAVE_SYS_STAT_H 1
| #define HAVE_STDLIB_H 1
| #define HAVE_STRING_H 1
| #define HAVE_MEMORY_H 1
| #define HAVE_STRINGS_H 1
| #define HAVE_INTTYPES_H 1
| #define HAVE_STDINT_H 1
| #define HAVE_UNISTD_H 1
| #define HAVE_ARPA_INET_H 1
| #define HAVE_LIBINTL_H 1
| #define HAVE_NETDB_H 1
| #define HAVE_NETINET_IN_H 1
| #define HAVE_STDLIB_H 1
| #define HAVE_STRING_H 1
| #define HAVE_STRINGS_H 1
| #define HAVE_SYS_SOCKET_H 1
| #define HAVE_SYS_TIME_H 1
| #define HAVE_SYSLOG_H 1
| #define HAVE_UNISTD_H 1
| #define HAVE_SSIZE_T 1
| #define TIME_WITH_SYS_TIME 1
| #define Socklen_t socklen_t
| #define HAVE_FORK 1
| #define HAVE_VFORK 1
| #define HAVE_WORKING_VFORK 1
| #define HAVE_WORKING_FORK 1
| #define HAVE_STDLIB_H 1
| #define HAVE_MALLOC 1
| #define HAVE_SYS_SELECT_H 1
| #define HAVE_SYS_SOCKET_H 1
| #define SELECT_TYPE_ARG1 int
| #define SELECT_TYPE_ARG234 (fd_set *)
| #define SELECT_TYPE_ARG5 (struct timeval *)
| #define RETSIGTYPE void
| #define HAVE_STRFTIME 1
| #define HAVE_VPRINTF 1
| #define HAVE_ATEXIT 1
| #define HAVE_GETTIMEOFDAY 1
| #define HAVE_MEMSET 1
| #define HAVE_SELECT 1
| #define HAVE_STRCHR 1
| #define HAVE_STRERROR 1
| #define HAVE_STRTOL 1
| #define HAVE_USLEEP 1
| #define HAVE_SNPRINTF 1
| #define HAVE_INET_PTON 1
| #define HAVE_INET_NTOP 1
| #define HAVE_GETTIMEOFDAY 1
| #define HAVE_QUAD_SUPPORT 1
| #define HAVE_QUAD_SUPPORT 1
| /* end confdefs.h.  */
| #include <stdio.h>
| #ifdef HAVE_SYS_TYPES_H
| # include <sys/types.h>
| #endif
| #ifdef HAVE_SYS_STAT_H
| # include <sys/stat.h>
| #endif
| #ifdef STDC_HEADERS
| # include <stdlib.h>
| # include <stddef.h>
| #else
| # ifdef HAVE_STDLIB_H
| #  include <stdlib.h>
| # endif
| #endif
| #ifdef HAVE_STRING_H
| # if !defined STDC_HEADERS && defined HAVE_MEMORY_H
| #  include <memory.h>
| # endif
| # include <string.h>
| #endif
| #ifdef HAVE_STRINGS_H
| # include <strings.h>
| #endif
| #ifdef HAVE_INTTYPES_H
| # include <inttypes.h>
| #endif
| #ifdef HAVE_STDINT_H
| # include <stdint.h>
| #endif
| #ifdef HAVE_UNISTD_H
| # include <unistd.h>
| #endif
| static long int longval () { return (long int) (sizeof (bool)); }
| static unsigned long int ulongval () { return (long int) (sizeof (bool)); }
| #include <stdio.h>
| #include <stdlib.h>
| int
| main ()
| {
| 
|   FILE *f = fopen ("conftest.val", "w");
|   if (! f)
|     return 1;
|   if (((long int) (sizeof (bool))) < 0)
|     {
|       long int i = longval ();
|       if (i != ((long int) (sizeof (bool))))
| 	return 1;
|       fprintf (f, "%ld", i);
|     }
|   else
|     {
|       unsigned long int i = ulongval ();
|       if (i != ((long int) (sizeof (bool))))
| 	return 1;
|       fprintf (f, "%lu", i);
|     }
|   /* Do not output a trailing newline, as this causes \r\n confusion
|      on some platforms.  */
|   return ferror (f) || fclose (f) != 0;
| 
|   ;
|   return 0;
| }
configure:7029: result: 0
configure:7044: checking if true is defined
configure:7067: g++ -c  -O2   conftest.cpp >&5
configure:7067: $? = 0
configure:7081: result: yes
configure:7093: checking whether byte ordering is bigendian
configure:7108: gcc -c  -O2   conftest.c >&5
conftest.c:69:9: error: unknown type name 'not'
conftest.c:69:15: error: expected '=', ',', ';', 'asm' or '__attribute__' before 'universal'
conftest.c:69:15: error: unknown type name 'universal'
configure:7108: $? = 1
configure: failed program was:
| /* confdefs.h */
| #define PACKAGE_NAME "Iperf"
| #define PACKAGE_TARNAME "iperf"
| #define PACKAGE_VERSION "2.0.5"
| #define PACKAGE_STRING "Iperf 2.0.5"
| #define PACKAGE_BUGREPORT ""
| #define PACKAGE_URL ""
| #define PACKAGE "iperf"
| #define VERSION "2.0.5"
| #define HAVE_PTHREAD 1
| #define HAVE_POSIX_THREAD 1
| #define _REENTRANT 1
| #define STDC_HEADERS 1
| #define HAVE_SYS_TYPES_H 1
| #define HAVE_SYS_STAT_H 1
| #define HAVE_STDLIB_H 1
| #define HAVE_STRING_H 1
| #define HAVE_MEMORY_H 1
| #define HAVE_STRINGS_H 1
| #define HAVE_INTTYPES_H 1
| #define HAVE_STDINT_H 1
| #define HAVE_UNISTD_H 1
| #define HAVE_ARPA_INET_H 1
| #define HAVE_LIBINTL_H 1
| #define HAVE_NETDB_H 1
| #define HAVE_NETINET_IN_H 1
| #define HAVE_STDLIB_H 1
| #define HAVE_STRING_H 1
| #define HAVE_STRINGS_H 1
| #define HAVE_SYS_SOCKET_H 1
| #define HAVE_SYS_TIME_H 1
| #define HAVE_SYSLOG_H 1
| #define HAVE_UNISTD_H 1
| #define HAVE_SSIZE_T 1
| #define TIME_WITH_SYS_TIME 1
| #define Socklen_t socklen_t
| #define HAVE_FORK 1
| #define HAVE_VFORK 1
| #define HAVE_WORKING_VFORK 1
| #define HAVE_WORKING_FORK 1
| #define HAVE_STDLIB_H 1
| #define HAVE_MALLOC 1
| #define HAVE_SYS_SELECT_H 1
| #define HAVE_SYS_SOCKET_H 1
| #define SELECT_TYPE_ARG1 int
| #define SELECT_TYPE_ARG234 (fd_set *)
| #define SELECT_TYPE_ARG5 (struct timeval *)
| #define RETSIGTYPE void
| #define HAVE_STRFTIME 1
| #define HAVE_VPRINTF 1
| #define HAVE_ATEXIT 1
| #define HAVE_GETTIMEOFDAY 1
| #define HAVE_MEMSET 1
| #define HAVE_SELECT 1
| #define HAVE_STRCHR 1
| #define HAVE_STRERROR 1
| #define HAVE_STRTOL 1
| #define HAVE_USLEEP 1
| #define HAVE_SNPRINTF 1
| #define HAVE_INET_PTON 1
| #define HAVE_INET_NTOP 1
| #define HAVE_GETTIMEOFDAY 1
| #define HAVE_QUAD_SUPPORT 1
| #define HAVE_QUAD_SUPPORT 1
| #define SIZEOF_BOOL 0
| #define bool int
| /* end confdefs.h.  */
| #ifndef __APPLE_CC__
| 	       not a universal capable compiler
| 	     #endif
| 	     typedef int dummy;
| 
configure:7153: gcc -c  -O2   conftest.c >&5
configure:7153: $? = 0
configure:7171: gcc -c  -O2   conftest.c >&5
conftest.c: In function 'main':
conftest.c:75:4: error: unknown type name 'not'
conftest.c:75:12: error: expected '=', ',', ';', 'asm' or '__attribute__' before 'endian'
configure:7171: $? = 1
configure: failed program was:
| /* confdefs.h */
| #define PACKAGE_NAME "Iperf"
| #define PACKAGE_TARNAME "iperf"
| #define PACKAGE_VERSION "2.0.5"
| #define PACKAGE_STRING "Iperf 2.0.5"
| #define PACKAGE_BUGREPORT ""
| #define PACKAGE_URL ""
| #define PACKAGE "iperf"
| #define VERSION "2.0.5"
| #define HAVE_PTHREAD 1
| #define HAVE_POSIX_THREAD 1
| #define _REENTRANT 1
| #define STDC_HEADERS 1
| #define HAVE_SYS_TYPES_H 1
| #define HAVE_SYS_STAT_H 1
| #define HAVE_STDLIB_H 1
| #define HAVE_STRING_H 1
| #define HAVE_MEMORY_H 1
| #define HAVE_STRINGS_H 1
| #define HAVE_INTTYPES_H 1
| #define HAVE_STDINT_H 1
| #define HAVE_UNISTD_H 1
| #define HAVE_ARPA_INET_H 1
| #define HAVE_LIBINTL_H 1
| #define HAVE_NETDB_H 1
| #define HAVE_NETINET_IN_H 1
| #define HAVE_STDLIB_H 1
| #define HAVE_STRING_H 1
| #define HAVE_STRINGS_H 1
| #define HAVE_SYS_SOCKET_H 1
| #define HAVE_SYS_TIME_H 1
| #define HAVE_SYSLOG_H 1
| #define HAVE_UNISTD_H 1
| #define HAVE_SSIZE_T 1
| #define TIME_WITH_SYS_TIME 1
| #define Socklen_t socklen_t
| #define HAVE_FORK 1
| #define HAVE_VFORK 1
| #define HAVE_WORKING_VFORK 1
| #define HAVE_WORKING_FORK 1
| #define HAVE_STDLIB_H 1
| #define HAVE_MALLOC 1
| #define HAVE_SYS_SELECT_H 1
| #define HAVE_SYS_SOCKET_H 1
| #define SELECT_TYPE_ARG1 int
| #define SELECT_TYPE_ARG234 (fd_set *)
| #define SELECT_TYPE_ARG5 (struct timeval *)
| #define RETSIGTYPE void
| #define HAVE_STRFTIME 1
| #define HAVE_VPRINTF 1
| #define HAVE_ATEXIT 1
| #define HAVE_GETTIMEOFDAY 1
| #define HAVE_MEMSET 1
| #define HAVE_SELECT 1
| #define HAVE_STRCHR 1
| #define HAVE_STRERROR 1
| #define HAVE_STRTOL 1
| #define HAVE_USLEEP 1
| #define HAVE_SNPRINTF 1
| #define HAVE_INET_PTON 1
| #define HAVE_INET_NTOP 1
| #define HAVE_GETTIMEOFDAY 1
| #define HAVE_QUAD_SUPPORT 1
| #define HAVE_QUAD_SUPPORT 1
| #define SIZEOF_BOOL 0
| #define bool int
| /* end confdefs.h.  */
| #include <sys/types.h>
| 		#include <sys/param.h>
| 
| int
| main ()
| {
| #if BYTE_ORDER != BIG_ENDIAN
| 		 not big endian
| 		#endif
| 
|   ;
|   return 0;
| }
configure:7299: result: no
configure:7320: checking for struct ip_mreq
configure:7320: gcc -c  -O2   conftest.c >&5
configure:7320: $? = 0
configure:7320: gcc -c  -O2   conftest.c >&5
conftest.c: In function 'main':
conftest.c:73:29: error: expected expression before ')' token
configure:7320: $? = 1
configure: failed program was:
| /* confdefs.h */
| #define PACKAGE_NAME "Iperf"
| #define PACKAGE_TARNAME "iperf"
| #define PACKAGE_VERSION "2.0.5"
| #define PACKAGE_STRING "Iperf 2.0.5"
| #define PACKAGE_BUGREPORT ""
| #define PACKAGE_URL ""
| #define PACKAGE "iperf"
| #define VERSION "2.0.5"
| #define HAVE_PTHREAD 1
| #define HAVE_POSIX_THREAD 1
| #define _REENTRANT 1
| #define STDC_HEADERS 1
| #define HAVE_SYS_TYPES_H 1
| #define HAVE_SYS_STAT_H 1
| #define HAVE_STDLIB_H 1
| #define HAVE_STRING_H 1
| #define HAVE_MEMORY_H 1
| #define HAVE_STRINGS_H 1
| #define HAVE_INTTYPES_H 1
| #define HAVE_STDINT_H 1
| #define HAVE_UNISTD_H 1
| #define HAVE_ARPA_INET_H 1
| #define HAVE_LIBINTL_H 1
| #define HAVE_NETDB_H 1
| #define HAVE_NETINET_IN_H 1
| #define HAVE_STDLIB_H 1
| #define HAVE_STRING_H 1
| #define HAVE_STRINGS_H 1
| #define HAVE_SYS_SOCKET_H 1
| #define HAVE_SYS_TIME_H 1
| #define HAVE_SYSLOG_H 1
| #define HAVE_UNISTD_H 1
| #define HAVE_SSIZE_T 1
| #define TIME_WITH_SYS_TIME 1
| #define Socklen_t socklen_t
| #define HAVE_FORK 1
| #define HAVE_VFORK 1
| #define HAVE_WORKING_VFORK 1
| #define HAVE_WORKING_FORK 1
| #define HAVE_STDLIB_H 1
| #define HAVE_MALLOC 1
| #define HAVE_SYS_SELECT_H 1
| #define HAVE_SYS_SOCKET_H 1
| #define SELECT_TYPE_ARG1 int
| #define SELECT_TYPE_ARG234 (fd_set *)
| #define SELECT_TYPE_ARG5 (struct timeval *)
| #define RETSIGTYPE void
| #define HAVE_STRFTIME 1
| #define HAVE_VPRINTF 1
| #define HAVE_ATEXIT 1
| #define HAVE_GETTIMEOFDAY 1
| #define HAVE_MEMSET 1
| #define HAVE_SELECT 1
| #define HAVE_STRCHR 1
| #define HAVE_STRERROR 1
| #define HAVE_STRTOL 1
| #define HAVE_USLEEP 1
| #define HAVE_SNPRINTF 1
| #define HAVE_INET_PTON 1
| #define HAVE_INET_NTOP 1
| #define HAVE_GETTIMEOFDAY 1
| #define HAVE_QUAD_SUPPORT 1
| #define HAVE_QUAD_SUPPORT 1
| #define SIZEOF_BOOL 0
| #define bool int
| /* end confdefs.h.  */
| #include "compat/headers_slim.h"
| 
| int
| main ()
| {
| if (sizeof ((struct ip_mreq)))
| 	    return 0;
|   ;
|   return 0;
| }
configure:7320: result: yes
configure:7331: checking whether IP_ADD_MEMBERSHIP is declared
configure:7331: gcc -c  -O2   conftest.c >&5
configure:7331: $? = 0
configure:7331: result: yes
configure:7343: checking for multicast support
configure:7351: result: yes
configure:7361: checking for struct sockaddr_storage
configure:7361: gcc -c  -O2   conftest.c >&5
configure:7361: $? = 0
configure:7361: gcc -c  -O2   conftest.c >&5
conftest.c: In function 'main':
conftest.c:76:38: error: expected expression before ')' token
configure:7361: $? = 1
configure: failed program was:
| /* confdefs.h */
| #define PACKAGE_NAME "Iperf"
| #define PACKAGE_TARNAME "iperf"
| #define PACKAGE_VERSION "2.0.5"
| #define PACKAGE_STRING "Iperf 2.0.5"
| #define PACKAGE_BUGREPORT ""
| #define PACKAGE_URL ""
| #define PACKAGE "iperf"
| #define VERSION "2.0.5"
| #define HAVE_PTHREAD 1
| #define HAVE_POSIX_THREAD 1
| #define _REENTRANT 1
| #define STDC_HEADERS 1
| #define HAVE_SYS_TYPES_H 1
| #define HAVE_SYS_STAT_H 1
| #define HAVE_STDLIB_H 1
| #define HAVE_STRING_H 1
| #define HAVE_MEMORY_H 1
| #define HAVE_STRINGS_H 1
| #define HAVE_INTTYPES_H 1
| #define HAVE_STDINT_H 1
| #define HAVE_UNISTD_H 1
| #define HAVE_ARPA_INET_H 1
| #define HAVE_LIBINTL_H 1
| #define HAVE_NETDB_H 1
| #define HAVE_NETINET_IN_H 1
| #define HAVE_STDLIB_H 1
| #define HAVE_STRING_H 1
| #define HAVE_STRINGS_H 1
| #define HAVE_SYS_SOCKET_H 1
| #define HAVE_SYS_TIME_H 1
| #define HAVE_SYSLOG_H 1
| #define HAVE_UNISTD_H 1
| #define HAVE_SSIZE_T 1
| #define TIME_WITH_SYS_TIME 1
| #define Socklen_t socklen_t
| #define HAVE_FORK 1
| #define HAVE_VFORK 1
| #define HAVE_WORKING_VFORK 1
| #define HAVE_WORKING_FORK 1
| #define HAVE_STDLIB_H 1
| #define HAVE_MALLOC 1
| #define HAVE_SYS_SELECT_H 1
| #define HAVE_SYS_SOCKET_H 1
| #define SELECT_TYPE_ARG1 int
| #define SELECT_TYPE_ARG234 (fd_set *)
| #define SELECT_TYPE_ARG5 (struct timeval *)
| #define RETSIGTYPE void
| #define HAVE_STRFTIME 1
| #define HAVE_VPRINTF 1
| #define HAVE_ATEXIT 1
| #define HAVE_GETTIMEOFDAY 1
| #define HAVE_MEMSET 1
| #define HAVE_SELECT 1
| #define HAVE_STRCHR 1
| #define HAVE_STRERROR 1
| #define HAVE_STRTOL 1
| #define HAVE_USLEEP 1
| #define HAVE_SNPRINTF 1
| #define HAVE_INET_PTON 1
| #define HAVE_INET_NTOP 1
| #define HAVE_GETTIMEOFDAY 1
| #define HAVE_QUAD_SUPPORT 1
| #define HAVE_QUAD_SUPPORT 1
| #define SIZEOF_BOOL 0
| #define bool int
| #define HAVE_STRUCT_IP_MREQ 1
| #define HAVE_DECL_IP_ADD_MEMBERSHIP 1
| #define HAVE_MULTICAST 1
| /* end confdefs.h.  */
| #include "compat/headers_slim.h"
| 
| int
| main ()
| {
| if (sizeof ((struct sockaddr_storage)))
| 	    return 0;
|   ;
|   return 0;
| }
configure:7361: result: yes
configure:7372: checking for struct sockaddr_in6
configure:7372: gcc -c  -O2   conftest.c >&5
configure:7372: $? = 0
configure:7372: gcc -c  -O2   conftest.c >&5
conftest.c: In function 'main':
conftest.c:77:34: error: expected expression before ')' token
configure:7372: $? = 1
configure: failed program was:
| /* confdefs.h */
| #define PACKAGE_NAME "Iperf"
| #define PACKAGE_TARNAME "iperf"
| #define PACKAGE_VERSION "2.0.5"
| #define PACKAGE_STRING "Iperf 2.0.5"
| #define PACKAGE_BUGREPORT ""
| #define PACKAGE_URL ""
| #define PACKAGE "iperf"
| #define VERSION "2.0.5"
| #define HAVE_PTHREAD 1
| #define HAVE_POSIX_THREAD 1
| #define _REENTRANT 1
| #define STDC_HEADERS 1
| #define HAVE_SYS_TYPES_H 1
| #define HAVE_SYS_STAT_H 1
| #define HAVE_STDLIB_H 1
| #define HAVE_STRING_H 1
| #define HAVE_MEMORY_H 1
| #define HAVE_STRINGS_H 1
| #define HAVE_INTTYPES_H 1
| #define HAVE_STDINT_H 1
| #define HAVE_UNISTD_H 1
| #define HAVE_ARPA_INET_H 1
| #define HAVE_LIBINTL_H 1
| #define HAVE_NETDB_H 1
| #define HAVE_NETINET_IN_H 1
| #define HAVE_STDLIB_H 1
| #define HAVE_STRING_H 1
| #define HAVE_STRINGS_H 1
| #define HAVE_SYS_SOCKET_H 1
| #define HAVE_SYS_TIME_H 1
| #define HAVE_SYSLOG_H 1
| #define HAVE_UNISTD_H 1
| #define HAVE_SSIZE_T 1
| #define TIME_WITH_SYS_TIME 1
| #define Socklen_t socklen_t
| #define HAVE_FORK 1
| #define HAVE_VFORK 1
| #define HAVE_WORKING_VFORK 1
| #define HAVE_WORKING_FORK 1
| #define HAVE_STDLIB_H 1
| #define HAVE_MALLOC 1
| #define HAVE_SYS_SELECT_H 1
| #define HAVE_SYS_SOCKET_H 1
| #define SELECT_TYPE_ARG1 int
| #define SELECT_TYPE_ARG234 (fd_set *)
| #define SELECT_TYPE_ARG5 (struct timeval *)
| #define RETSIGTYPE void
| #define HAVE_STRFTIME 1
| #define HAVE_VPRINTF 1
| #define HAVE_ATEXIT 1
| #define HAVE_GETTIMEOFDAY 1
| #define HAVE_MEMSET 1
| #define HAVE_SELECT 1
| #define HAVE_STRCHR 1
| #define HAVE_STRERROR 1
| #define HAVE_STRTOL 1
| #define HAVE_USLEEP 1
| #define HAVE_SNPRINTF 1
| #define HAVE_INET_PTON 1
| #define HAVE_INET_NTOP 1
| #define HAVE_GETTIMEOFDAY 1
| #define HAVE_QUAD_SUPPORT 1
| #define HAVE_QUAD_SUPPORT 1
| #define SIZEOF_BOOL 0
| #define bool int
| #define HAVE_STRUCT_IP_MREQ 1
| #define HAVE_DECL_IP_ADD_MEMBERSHIP 1
| #define HAVE_MULTICAST 1
| #define HAVE_STRUCT_SOCKADDR_STORAGE 1
| /* end confdefs.h.  */
| #include "compat/headers_slim.h"
| 
| int
| main ()
| {
| if (sizeof ((struct sockaddr_in6)))
| 	    return 0;
|   ;
|   return 0;
| }
configure:7372: result: yes
configure:7383: checking whether AF_INET6 is declared
configure:7383: gcc -c  -O2   conftest.c >&5
configure:7383: $? = 0
configure:7383: result: yes
configure:7395: checking for IPv6 headers and structures
configure:7408: result: yes
configure:7414: checking for struct ipv6_mreq
configure:7414: gcc -c  -O2   conftest.c >&5
configure:7414: $? = 0
configure:7414: gcc -c  -O2   conftest.c >&5
conftest.c: In function 'main':
conftest.c:80:31: error: expected expression before ')' token
configure:7414: $? = 1
configure: failed program was:
| /* confdefs.h */
| #define PACKAGE_NAME "Iperf"
| #define PACKAGE_TARNAME "iperf"
| #define PACKAGE_VERSION "2.0.5"
| #define PACKAGE_STRING "Iperf 2.0.5"
| #define PACKAGE_BUGREPORT ""
| #define PACKAGE_URL ""
| #define PACKAGE "iperf"
| #define VERSION "2.0.5"
| #define HAVE_PTHREAD 1
| #define HAVE_POSIX_THREAD 1
| #define _REENTRANT 1
| #define STDC_HEADERS 1
| #define HAVE_SYS_TYPES_H 1
| #define HAVE_SYS_STAT_H 1
| #define HAVE_STDLIB_H 1
| #define HAVE_STRING_H 1
| #define HAVE_MEMORY_H 1
| #define HAVE_STRINGS_H 1
| #define HAVE_INTTYPES_H 1
| #define HAVE_STDINT_H 1
| #define HAVE_UNISTD_H 1
| #define HAVE_ARPA_INET_H 1
| #define HAVE_LIBINTL_H 1
| #define HAVE_NETDB_H 1
| #define HAVE_NETINET_IN_H 1
| #define HAVE_STDLIB_H 1
| #define HAVE_STRING_H 1
| #define HAVE_STRINGS_H 1
| #define HAVE_SYS_SOCKET_H 1
| #define HAVE_SYS_TIME_H 1
| #define HAVE_SYSLOG_H 1
| #define HAVE_UNISTD_H 1
| #define HAVE_SSIZE_T 1
| #define TIME_WITH_SYS_TIME 1
| #define Socklen_t socklen_t
| #define HAVE_FORK 1
| #define HAVE_VFORK 1
| #define HAVE_WORKING_VFORK 1
| #define HAVE_WORKING_FORK 1
| #define HAVE_STDLIB_H 1
| #define HAVE_MALLOC 1
| #define HAVE_SYS_SELECT_H 1
| #define HAVE_SYS_SOCKET_H 1
| #define SELECT_TYPE_ARG1 int
| #define SELECT_TYPE_ARG234 (fd_set *)
| #define SELECT_TYPE_ARG5 (struct timeval *)
| #define RETSIGTYPE void
| #define HAVE_STRFTIME 1
| #define HAVE_VPRINTF 1
| #define HAVE_ATEXIT 1
| #define HAVE_GETTIMEOFDAY 1
| #define HAVE_MEMSET 1
| #define HAVE_SELECT 1
| #define HAVE_STRCHR 1
| #define HAVE_STRERROR 1
| #define HAVE_STRTOL 1
| #define HAVE_USLEEP 1
| #define HAVE_SNPRINTF 1
| #define HAVE_INET_PTON 1
| #define HAVE_INET_NTOP 1
| #define HAVE_GETTIMEOFDAY 1
| #define HAVE_QUAD_SUPPORT 1
| #define HAVE_QUAD_SUPPORT 1
| #define SIZEOF_BOOL 0
| #define bool int
| #define HAVE_STRUCT_IP_MREQ 1
| #define HAVE_DECL_IP_ADD_MEMBERSHIP 1
| #define HAVE_MULTICAST 1
| #define HAVE_STRUCT_SOCKADDR_STORAGE 1
| #define HAVE_STRUCT_SOCKADDR_IN6 1
| #define HAVE_DECL_AF_INET6 1
| #define HAVE_IPV6 1
| /* end confdefs.h.  */
| #include "compat/headers_slim.h"
| 
| int
| main ()
| {
| if (sizeof ((struct ipv6_mreq)))
| 	    return 0;
|   ;
|   return 0;
| }
configure:7414: result: yes
configure:7425: checking whether IPV6_ADD_MEMBERSHIP is declared
configure:7425: gcc -c  -O2   conftest.c >&5
configure:7425: $? = 0
configure:7425: result: yes
configure:7437: checking whether IPV6_MULTICAST_HOPS is declared
configure:7437: gcc -c  -O2   conftest.c >&5
configure:7437: $? = 0
configure:7437: result: yes
configure:7449: checking for IPv6 multicast support
configure:7462: result: yes
configure:7583: checking whether make is GNU make
configure:7590: result: yes
configure:7731: creating ./config.status

## ---------------- ##
## Cache variables. ##
## ---------------- ##

ac_cv_accept_arg=socklen_t
ac_cv_build=x86_64-unknown-linux-gnu
ac_cv_c_bigendian=no
ac_cv_c_compiler_gnu=yes
ac_cv_c_const=yes
ac_cv_cxx_compiler_gnu=yes
ac_cv_env_CCC_set=
ac_cv_env_CCC_value=
ac_cv_env_CC_set=
ac_cv_env_CC_value=
ac_cv_env_CFLAGS_set=
ac_cv_env_CFLAGS_value=
ac_cv_env_CPPFLAGS_set=
ac_cv_env_CPPFLAGS_value=
ac_cv_env_CPP_set=
ac_cv_env_CPP_value=
ac_cv_env_CXXFLAGS_set=
ac_cv_env_CXXFLAGS_value=
ac_cv_env_CXX_set=
ac_cv_env_CXX_value=
ac_cv_env_LDFLAGS_set=
ac_cv_env_LDFLAGS_value=
ac_cv_env_LIBS_set=
ac_cv_env_LIBS_value=
ac_cv_env_build_alias_set=
ac_cv_env_build_alias_value=
ac_cv_env_host_alias_set=
ac_cv_env_host_alias_value=
ac_cv_env_target_alias_set=
ac_cv_env_target_alias_value=
ac_cv_func__doprnt=no
ac_cv_func_atexit=yes
ac_cv_func_fork=yes
ac_cv_func_fork_works=yes
ac_cv_func_gethostbyname=yes
ac_cv_func_gettimeofday=yes
ac_cv_func_inet_ntop=yes
ac_cv_func_inet_pton=yes
ac_cv_func_malloc_0_nonnull=yes
ac_cv_func_memcmp_working=yes
ac_cv_func_memset=yes
ac_cv_func_pthread_cancel=no
ac_cv_func_select=yes
ac_cv_func_select_args='int,fd_set *,struct timeval *'
ac_cv_func_snprintf=yes
ac_cv_func_socket=yes
ac_cv_func_strchr=yes
ac_cv_func_strerror=yes
ac_cv_func_strftime=yes
ac_cv_func_strtol=yes
ac_cv_func_usleep=yes
ac_cv_func_vfork=yes
ac_cv_func_vfork_works=yes
ac_cv_func_vprintf=yes
ac_cv_have_decl_AF_INET6=yes
ac_cv_have_decl_IPV6_ADD_MEMBERSHIP=yes
ac_cv_have_decl_IPV6_MULTICAST_HOPS=yes
ac_cv_have_decl_IP_ADD_MEMBERSHIP=yes
ac_cv_have_ipv6=yes
ac_cv_have_ipv6_multicast=yes
ac_cv_have_true=yes
ac_cv_header_arpa_inet_h=yes
ac_cv_header_inttypes_h=yes
ac_cv_header_libintl_h=yes
ac_cv_header_memory_h=yes
ac_cv_header_netdb_h=yes
ac_cv_header_netinet_in_h=yes
ac_cv_header_stdc=yes
ac_cv_header_stdint=stdint.h
ac_cv_header_stdint_h=yes
ac_cv_header_stdint_t=stdint.h
ac_cv_header_stdlib_h=yes
ac_cv_header_string_h=yes
ac_cv_header_strings_h=yes
ac_cv_header_sys_select_h=yes
ac_cv_header_sys_socket_h=yes
ac_cv_header_sys_stat_h=yes
ac_cv_header_sys_time_h=yes
ac_cv_header_sys_types_h=yes
ac_cv_header_syslog_h=yes
ac_cv_header_time=yes
ac_cv_header_unistd_h=yes
ac_cv_header_vfork_h=no
ac_cv_host=x86_64-unknown-linux-gnu
ac_cv_multicast=yes
ac_cv_objext=o
ac_cv_path_EGREP='/bin/grep -E'
ac_cv_path_GREP=/bin/grep
ac_cv_path_install='/usr/bin/install -c'
ac_cv_prog_AWK=gawk
ac_cv_prog_CPP='gcc -E'
ac_cv_prog_PTHREAD_CC=gcc
ac_cv_prog_ac_ct_CC=gcc
ac_cv_prog_ac_ct_CXX=g++
ac_cv_prog_ac_ct_RANLIB=ranlib
ac_cv_prog_cc_c89=
ac_cv_prog_cc_g=yes
ac_cv_prog_cxx_g=yes
ac_cv_prog_make_make_set=yes
ac_cv_search_strerror='none required'
ac_cv_sizeof_bool=0
ac_cv_stdint_message='using gnu compiler gcc (Ubuntu/Linaro 4.7.3-1ubuntu1) 4.7.3'
ac_cv_stdint_result='(assuming C99 compatible system)'
ac_cv_struct_tm=time.h
ac_cv_type_pid_t=yes
ac_cv_type_signal=void
ac_cv_type_size_t=yes
ac_cv_type_ssize_t=yes
ac_cv_type_struct_ip_mreq=yes
ac_cv_type_struct_ipv6_mreq=yes
ac_cv_type_struct_sockaddr_in6=yes
ac_cv_type_struct_sockaddr_storage=yes
am_cv_CC_dependencies_compiler_type=gcc3
am_cv_CXX_dependencies_compiler_type=gcc3

## ----------------- ##
## Output variables. ##
## ----------------- ##

ACLOCAL='${SHELL} /home/apietila/tools/iperf-2.0.5/missing --run aclocal-1.9'
AMDEPBACKSLASH='\'
AMDEP_FALSE='#'
AMDEP_TRUE=''
AMTAR='${SHELL} /home/apietila/tools/iperf-2.0.5/missing --run tar'
AUTOCONF='${SHELL} /home/apietila/tools/iperf-2.0.5/missing --run autoconf'
AUTOHEADER='${SHELL} /home/apietila/tools/iperf-2.0.5/missing --run autoheader'
AUTOMAKE='${SHELL} /home/apietila/tools/iperf-2.0.5/missing --run automake-1.9'
AWK='gawk'
CC='gcc'
CCDEPMODE='depmode=gcc3'
CFLAGS=' -O2 '
CPP='gcc -E'
CPPFLAGS=''
CXX='g++'
CXXDEPMODE='depmode=gcc3'
CXXFLAGS=' -O2 '
CYGPATH_W='echo'
DEFS='-DHAVE_CONFIG_H'
DEPDIR='.deps'
ECHO_C=''
ECHO_N='-n'
ECHO_T=''
EGREP='/bin/grep -E'
EXEEXT=''
GREP='/bin/grep'
INSTALL_DATA='${INSTALL} -m 644'
INSTALL_PROGRAM='${INSTALL}'
INSTALL_SCRIPT='${INSTALL}'
INSTALL_STRIP_PROGRAM='${SHELL} $(install_sh) -c -s'
LDFLAGS=''
LIBOBJS=''
LIBS=''
LTLIBOBJS=''
MAKEINFO='${SHELL} /home/apietila/tools/iperf-2.0.5/missing --run makeinfo'
OBJEXT='o'
PACKAGE='iperf'
PACKAGE_BUGREPORT=''
PACKAGE_NAME='Iperf'
PACKAGE_STRING='Iperf 2.0.5'
PACKAGE_TARNAME='iperf'
PACKAGE_URL=''
PACKAGE_VERSION='2.0.5'
PATH_SEPARATOR=':'
PTHREAD_CC='gcc'
PTHREAD_CFLAGS='-pthread'
PTHREAD_LIBS=''
RANLIB='ranlib'
SET_MAKE=''
SHELL='/bin/bash'
STRIP=''
STRIP_BEGIN='$(strip $(STRIP_DUMMY)'
STRIP_DUMMY=''
STRIP_END=')'
VERSION='2.0.5'
WEB100_CFLAGS=''
WEB100_CONFIG=''
WEB100_LIBS=''
ac_ct_CC='gcc'
ac_ct_CXX='g++'
acx_pthread_config=''
am__fastdepCC_FALSE='#'
am__fastdepCC_TRUE=''
am__fastdepCXX_FALSE='#'
am__fastdepCXX_TRUE=''
am__include='include'
am__leading_dot='.'
am__quote=''
am__tar='${AMTAR} chof - "$$tardir"'
am__untar='${AMTAR} xf -'
bindir='${exec_prefix}/bin'
build='x86_64-unknown-linux-gnu'
build_alias=''
build_cpu='x86_64'
build_os='linux-gnu'
build_vendor='unknown'
datadir='${datarootdir}'
datarootdir='${prefix}/share'
docdir='${datarootdir}/doc/${PACKAGE_TARNAME}'
dvidir='${docdir}'
exec_prefix='${prefix}'
host='x86_64-unknown-linux-gnu'
host_alias=''
host_cpu='x86_64'
host_os='linux-gnu'
host_vendor='unknown'
htmldir='${docdir}'
includedir='${prefix}/include'
infodir='${datarootdir}/info'
install_sh='/home/apietila/tools/iperf-2.0.5/install-sh'
libdir='${exec_prefix}/lib'
libexecdir='${exec_prefix}/libexec'
localedir='${datarootdir}/locale'
localstatedir='${prefix}/var'
mandir='${datarootdir}/man'
mkdir_p='mkdir -p --'
oldincludedir='/usr/include'
pdfdir='${docdir}'
prefix='/usr/local'
program_transform_name='s,x,x,'
psdir='${docdir}'
sbindir='${exec_prefix}/sbin'
sharedstatedir='${prefix}/com'
sysconfdir='${prefix}/etc'
target_alias=''

## ----------- ##
## confdefs.h. ##
## ----------- ##

/* confdefs.h */
#define PACKAGE_NAME "Iperf"
#define PACKAGE_TARNAME "iperf"
#define PACKAGE_VERSION "2.0.5"
#define PACKAGE_STRING "Iperf 2.0.5"
#define PACKAGE_BUGREPORT ""
#define PACKAGE_URL ""
#define PACKAGE "iperf"
#define VERSION "2.0.5"
#define HAVE_PTHREAD 1
#define HAVE_POSIX_THREAD 1
#define _REENTRANT 1
#define STDC_HEADERS 1
#define HAVE_SYS_TYPES_H 1
#define HAVE_SYS_STAT_H 1
#define HAVE_STDLIB_H 1
#define HAVE_STRING_H 1
#define HAVE_MEMORY_H 1
#define HAVE_STRINGS_H 1
#define HAVE_INTTYPES_H 1
#define HAVE_STDINT_H 1
#define HAVE_UNISTD_H 1
#define HAVE_ARPA_INET_H 1
#define HAVE_LIBINTL_H 1
#define HAVE_NETDB_H 1
#define HAVE_NETINET_IN_H 1
#define HAVE_STDLIB_H 1
#define HAVE_STRING_H 1
#define HAVE_STRINGS_H 1
#define HAVE_SYS_SOCKET_H 1
#define HAVE_SYS_TIME_H 1
#define HAVE_SYSLOG_H 1
#define HAVE_UNISTD_H 1
#define HAVE_SSIZE_T 1
#define TIME_WITH_SYS_TIME 1
#define Socklen_t socklen_t
#define HAVE_FORK 1
#define HAVE_VFORK 1
#define HAVE_WORKING_VFORK 1
#define HAVE_WORKING_FORK 1
#define HAVE_STDLIB_H 1
#define HAVE_MALLOC 1
#define HAVE_SYS_SELECT_H 1
#define HAVE_SYS_SOCKET_H 1
#define SELECT_TYPE_ARG1 int
#define SELECT_TYPE_ARG234 (fd_set *)
#define SELECT_TYPE_ARG5 (struct timeval *)
#define RETSIGTYPE void
#define HAVE_STRFTIME 1
#define HAVE_VPRINTF 1
#define HAVE_ATEXIT 1
#define HAVE_GETTIMEOFDAY 1
#define HAVE_MEMSET 1
#define HAVE_SELECT 1
#define HAVE_STRCHR 1
#define HAVE_STRERROR 1
#define HAVE_STRTOL 1
#define HAVE_USLEEP 1
#define HAVE_SNPRINTF 1
#define HAVE_INET_PTON 1
#define HAVE_INET_NTOP 1
#define HAVE_GETTIMEOFDAY 1
#define HAVE_QUAD_SUPPORT 1
#define HAVE_QUAD_SUPPORT 1
#define SIZEOF_BOOL 0
#define bool int
#define HAVE_STRUCT_IP_MREQ 1
#define HAVE_DECL_IP_ADD_MEMBERSHIP 1
#define HAVE_MULTICAST 1
#define HAVE_STRUCT_SOCKADDR_STORAGE 1
#define HAVE_STRUCT_SOCKADDR_IN6 1
#define HAVE_DECL_AF_INET6 1
#define HAVE_IPV6 1
#define HAVE_STRUCT_IPV6_MREQ 1
#define HAVE_DECL_IPV6_ADD_MEMBERSHIP 1
#define HAVE_DECL_IPV6_MULTICAST_HOPS 1
#define HAVE_IPV6_MULTICAST 1

configure: exit 0

## ---------------------- ##
## Running config.status. ##
## ---------------------- ##

This file was extended by Iperf config.status 2.0.5, which was
generated by GNU Autoconf 2.69.  Invocation command line was

  CONFIG_FILES    = 
  CONFIG_HEADERS  = 
  CONFIG_LINKS    = 
  CONFIG_COMMANDS = 
  $ ./config.status 

on Quadstation-Linux

config.status:949: creating Makefile
config.status:949: creating compat/Makefile
config.status:949: creating doc/Makefile
config.status:949: creating include/Makefile
config.status:949: creating src/Makefile
config.status:949: creating man/Makefile
config.status:949: creating config.h
config.status:1124: config.h is unchanged
config.status:1171: executing depfiles commands
config.status:1171: executing include/iperf-int.h commands
config.status:1262: creating include/iperf-int.h : _IPERF_INCLUDE_IPERF_INT_H
config.status:1694: include/iperf-int.h is unchanged

## ---------------------- ##
## Running config.status. ##
## ---------------------- ##

This file was extended by Iperf config.status 2.0.5, which was
generated by GNU Autoconf 2.69.  Invocation command line was

  CONFIG_FILES    = 
  CONFIG_HEADERS  = 
  CONFIG_LINKS    = 
  CONFIG_COMMANDS = 
  $ ./config.status config.h

on Quadstation-Linux

config.status:949: creating config.h
config.status:1124: config.h is unchanged
